Log filename: "C:\Documents and Settings\bryans\Desktop\DITA_Dev\DITA_Tek\DITA-OT1.4.2.1\dtd\map.log"
Document type compile date: Tue Jun 17 14:11:15 2008
Version "Epic Editor 5.1 September 10, 2004"   Build CHER2-247
Platform: Windows NT 5.1

Host: ELE125867   Login: bryans

Catalog path: "C:\Program Files\Arbortext\Epic\custom\doctypes;C:\Program Files\Arbortext\Epic\doctypes;C:\Program Files\Arbortext\Epic\doctypes;"


Update (.ptd file written) or Validate (.ptd file not written): Update
XML or SGML Application: XML
Force Compile: Yes
Top level element: map
Public ID: (not specified)
DTD Path: "C:\Documents and Settings\bryans\Desktop\DITA_Dev\DITA_Tek\DITA-OT1.4.2.1\dtd\map.dtd"
PTD Path: "C:\Documents and Settings\bryans\Desktop\DITA_Dev\DITA_Tek\DITA-OT1.4.2.1\dtd\map.ptd"
ATI Tag Path: "C:\Program Files\Arbortext\Epic\lib\dtgen\atitag.cf"
Message File Path: (not specified)
SGML Declaration Path: (not specified) using "C:\Program Files\Arbortext\Epic\entities\ati-gxml.dcl"

Entity Name: %mapgroup-d-dec
Public Identifier: "-//OASIS//ENTITIES DITA Map Group Domain//EN"
System Identifier: mapGroup.ent
Resolved Path: "C:\Documents and Settings\bryans\Desktop\DITA_Dev\DITA_Tek\DITA-OT1.4.2.1\samples\mapGroup.ent"  (NOT FOUND)
Catalog File: (unknown)

Entity Name: %indexing-d-dec
Public Identifier: "-//OASIS//ENTITIES DITA Indexing Domain//EN"
System Identifier: indexingDomain.ent
Resolved Path: "C:\Documents and Settings\bryans\Desktop\DITA_Dev\DITA_Tek\DITA-OT1.4.2.1\samples\indexingDomain.ent"  (NOT FOUND)
Catalog File: (unknown)

Entity Name: %map-type
Public Identifier: "-//OASIS//ELEMENTS DITA Map//EN"
System Identifier: map.mod
Resolved Path: "C:\Documents and Settings\bryans\Desktop\DITA_Dev\DITA_Tek\DITA-OT1.4.2.1\samples\map.mod"  (NOT FOUND)
Catalog File: (unknown)

Entity Name: %commonElements
Public Identifier: "-//OASIS//ELEMENTS DITA Common Elements//EN"
System Identifier: commonElements.mod
Resolved Path: "C:\Documents and Settings\bryans\Desktop\DITA_Dev\DITA_Tek\DITA-OT1.4.2.1\samples\commonElements.mod"  (NOT FOUND)
Catalog File: (unknown)

Entity Name: %commonDefns
Public Identifier: "-//OASIS//ENTITIES DITA Common Elements//EN"
System Identifier: commonElements.ent
Resolved Path: "C:\Documents and Settings\bryans\Desktop\DITA_Dev\DITA_Tek\DITA-OT1.4.2.1\samples\commonElements.ent"  (NOT FOUND)
Catalog File: (unknown)

Entity Name: %tableXML
Public Identifier: "-//OASIS//ELEMENTS DITA Exchange Table Model//EN"
System Identifier: tblDecl.mod
Resolved Path: "C:\Documents and Settings\bryans\Desktop\DITA_Dev\DITA_Tek\DITA-OT1.4.2.1\samples\tblDecl.mod"  (NOT FOUND)
Catalog File: (unknown)

Entity Name: %metaXML
Public Identifier: "-//OASIS//ELEMENTS DITA Metadata//EN"
System Identifier: metaDecl.mod
Resolved Path: "C:\Documents and Settings\bryans\Desktop\DITA_Dev\DITA_Tek\DITA-OT1.4.2.1\samples\metaDecl.mod"  (NOT FOUND)
Catalog File: (unknown)

Entity Name: %mapgroup-d-def
Public Identifier: "-//OASIS//ELEMENTS DITA Map Group Domain//EN"
System Identifier: mapGroup.mod
Resolved Path: "C:\Documents and Settings\bryans\Desktop\DITA_Dev\DITA_Tek\DITA-OT1.4.2.1\samples\mapGroup.mod"  (NOT FOUND)
Catalog File: (unknown)

Entity Name: %indexing-d-def
Public Identifier: "-//OASIS//ELEMENTS DITA Indexing Domain//EN"
System Identifier: indexingDomain.mod
Resolved Path: "C:\Documents and Settings\bryans\Desktop\DITA_Dev\DITA_Tek\DITA-OT1.4.2.1\samples\indexingDomain.mod"  (NOT FOUND)
Catalog File: (unknown)

