Log filename: "C:\Documents and Settings\bryans\Desktop\DITA_Dev\DITA_Tek\DITA-OT1.4.2.1\dtd\concept.log"
Document type compile date: Fri Jun 13 15:48:47 2008
Version "Epic Editor 5.1 September 10, 2004"   Build CHER2-247
Platform: Windows NT 5.1

Host: ELE125867   Login: bryans

Catalog path: "C:\Program Files\Arbortext\Epic\custom\doctypes;C:\Program Files\Arbortext\Epic\doctypes;C:\Program Files\Arbortext\Epic\doctypes;"


Update (.ptd file written) or Validate (.ptd file not written): Update
XML or SGML Application: XML
Force Compile: Yes
Top level element: concept
Public ID: (not specified)
DTD Path: "C:\Documents and Settings\bryans\Desktop\DITA_Dev\DITA_Tek\DITA-OT1.4.2.1\dtd\concept.dtd"
PTD Path: "C:\Documents and Settings\bryans\Desktop\DITA_Dev\DITA_Tek\DITA-OT1.4.2.1\dtd\concept.ptd"
ATI Tag Path: "C:\Program Files\Arbortext\Epic\lib\dtgen\atitag.cf"
Message File Path: (not specified)
SGML Declaration Path: (not specified) using "C:\Program Files\Arbortext\Epic\entities\ati-gxml.dcl"

Entity Name: %ui-d-dec
Public Identifier: "-//OASIS//ENTITIES DITA User Interface Domain//EN"
System Identifier: uiDomain.ent
Resolved Path: "C:\Documents and Settings\bryans\Desktop\DITA_Dev\DITA_Tek\DITA-OT1.4.2.1\samples\tasks\uiDomain.ent"  (NOT FOUND)
Catalog File: (unknown)

Entity Name: %hi-d-dec
Public Identifier: "-//OASIS//ENTITIES DITA Highlight Domain//EN"
System Identifier: highlightDomain.ent
Resolved Path: "C:\Documents and Settings\bryans\Desktop\DITA_Dev\DITA_Tek\DITA-OT1.4.2.1\samples\tasks\highlightDomain.ent"  (NOT FOUND)
Catalog File: (unknown)

Entity Name: %pr-d-dec
Public Identifier: "-//OASIS//ENTITIES DITA Programming Domain//EN"
System Identifier: programmingDomain.ent
Resolved Path: "C:\Documents and Settings\bryans\Desktop\DITA_Dev\DITA_Tek\DITA-OT1.4.2.1\samples\tasks\programmingDomain.ent"  (NOT FOUND)
Catalog File: (unknown)

Entity Name: %sw-d-dec
Public Identifier: "-//OASIS//ENTITIES DITA Software Domain//EN"
System Identifier: softwareDomain.ent
Resolved Path: "C:\Documents and Settings\bryans\Desktop\DITA_Dev\DITA_Tek\DITA-OT1.4.2.1\samples\tasks\softwareDomain.ent"  (NOT FOUND)
Catalog File: (unknown)

Entity Name: %ut-d-dec
Public Identifier: "-//OASIS//ENTITIES DITA Utilities Domain//EN"
System Identifier: utilitiesDomain.ent
Resolved Path: "C:\Documents and Settings\bryans\Desktop\DITA_Dev\DITA_Tek\DITA-OT1.4.2.1\samples\tasks\utilitiesDomain.ent"  (NOT FOUND)
Catalog File: (unknown)

Entity Name: %indexing-d-dec
Public Identifier: "-//OASIS//ENTITIES DITA Indexing Domain//EN"
System Identifier: indexingDomain.ent
Resolved Path: "C:\Documents and Settings\bryans\Desktop\DITA_Dev\DITA_Tek\DITA-OT1.4.2.1\samples\tasks\indexingDomain.ent"  (NOT FOUND)
Catalog File: (unknown)

Entity Name: %topic-type
Public Identifier: "-//OASIS//ELEMENTS DITA Topic//EN"
System Identifier: topic.mod
Resolved Path: "C:\Documents and Settings\bryans\Desktop\DITA_Dev\DITA_Tek\DITA-OT1.4.2.1\samples\tasks\topic.mod"  (NOT FOUND)
Catalog File: (unknown)

Entity Name: %topicDefns
Public Identifier: "-//OASIS//ENTITIES DITA Topic Definitions//EN"
System Identifier: topicDefn.ent
Resolved Path: "C:\Documents and Settings\bryans\Desktop\DITA_Dev\DITA_Tek\DITA-OT1.4.2.1\samples\tasks\topicDefn.ent"  (NOT FOUND)
Catalog File: (unknown)

Entity Name: %commonDefns
Public Identifier: "-//OASIS//ENTITIES DITA Common Elements//EN"
System Identifier: commonElements.ent
Resolved Path: "C:\Documents and Settings\bryans\Desktop\DITA_Dev\DITA_Tek\DITA-OT1.4.2.1\samples\tasks\commonElements.ent"  (NOT FOUND)
Catalog File: (unknown)

Entity Name: %commonElements
Public Identifier: "-//OASIS//ELEMENTS DITA Common Elements//EN"
System Identifier: commonElements.mod
Resolved Path: "C:\Documents and Settings\bryans\Desktop\DITA_Dev\DITA_Tek\DITA-OT1.4.2.1\samples\tasks\commonElements.mod"  (NOT FOUND)
Catalog File: (unknown)

Entity Name: %commonDefns
Public Identifier: "-//OASIS//ENTITIES DITA Common Elements//EN"
System Identifier: commonElements.ent
Resolved Path: "C:\Documents and Settings\bryans\Desktop\DITA_Dev\DITA_Tek\DITA-OT1.4.2.1\samples\tasks\commonElements.ent"  (NOT FOUND)
Catalog File: (unknown)

Entity Name: %tableXML
Public Identifier: "-//OASIS//ELEMENTS DITA Exchange Table Model//EN"
System Identifier: tblDecl.mod
Resolved Path: "C:\Documents and Settings\bryans\Desktop\DITA_Dev\DITA_Tek\DITA-OT1.4.2.1\samples\tasks\tblDecl.mod"  (NOT FOUND)
Catalog File: (unknown)

Entity Name: %metaXML
Public Identifier: "-//OASIS//ELEMENTS DITA Metadata//EN"
System Identifier: metaDecl.mod
Resolved Path: "C:\Documents and Settings\bryans\Desktop\DITA_Dev\DITA_Tek\DITA-OT1.4.2.1\samples\tasks\metaDecl.mod"  (NOT FOUND)
Catalog File: (unknown)

Entity Name: %concept-typemod
Public Identifier: "-//OASIS//ELEMENTS DITA Concept//EN"
System Identifier: concept.mod
Resolved Path: "C:\Documents and Settings\bryans\Desktop\DITA_Dev\DITA_Tek\DITA-OT1.4.2.1\samples\tasks\concept.mod"  (NOT FOUND)
Catalog File: (unknown)

Entity Name: %ui-d-def
Public Identifier: "-//OASIS//ELEMENTS DITA User Interface Domain//EN"
System Identifier: uiDomain.mod
Resolved Path: "C:\Documents and Settings\bryans\Desktop\DITA_Dev\DITA_Tek\DITA-OT1.4.2.1\samples\tasks\uiDomain.mod"  (NOT FOUND)
Catalog File: (unknown)

Entity Name: %hi-d-def
Public Identifier: "-//OASIS//ELEMENTS DITA Highlight Domain//EN"
System Identifier: highlightDomain.mod
Resolved Path: "C:\Documents and Settings\bryans\Desktop\DITA_Dev\DITA_Tek\DITA-OT1.4.2.1\samples\tasks\highlightDomain.mod"  (NOT FOUND)
Catalog File: (unknown)

Entity Name: %pr-d-def
Public Identifier: "-//OASIS//ELEMENTS DITA Programming Domain//EN"
System Identifier: programmingDomain.mod
Resolved Path: "C:\Documents and Settings\bryans\Desktop\DITA_Dev\DITA_Tek\DITA-OT1.4.2.1\samples\tasks\programmingDomain.mod"  (NOT FOUND)
Catalog File: (unknown)

Entity Name: %sw-d-def
Public Identifier: "-//OASIS//ELEMENTS DITA Software Domain//EN"
System Identifier: softwareDomain.mod
Resolved Path: "C:\Documents and Settings\bryans\Desktop\DITA_Dev\DITA_Tek\DITA-OT1.4.2.1\samples\tasks\softwareDomain.mod"  (NOT FOUND)
Catalog File: (unknown)

Entity Name: %ut-d-def
Public Identifier: "-//OASIS//ELEMENTS DITA Utilities Domain//EN"
System Identifier: utilitiesDomain.mod
Resolved Path: "C:\Documents and Settings\bryans\Desktop\DITA_Dev\DITA_Tek\DITA-OT1.4.2.1\samples\tasks\utilitiesDomain.mod"  (NOT FOUND)
Catalog File: (unknown)

Entity Name: %indexing-d-def
Public Identifier: "-//OASIS//ELEMENTS DITA Indexing Domain//EN"
System Identifier: indexingDomain.mod
Resolved Path: "C:\Documents and Settings\bryans\Desktop\DITA_Dev\DITA_Tek\DITA-OT1.4.2.1\samples\tasks\indexingDomain.mod"  (NOT FOUND)
Catalog File: (unknown)

